<?xml version="1.0" encoding="UTF-8"?>
<!-- Generated by org.testng.reporters.JUnitReportReporter -->
<testsuite hostname="DESKTOP-E5CUOHK" failures="0" tests="1" name="com_testsenarios.Classteemplete" time="19.329" errors="0" timestamp="2021-08-28T03:24:23 PDT" skipped="0">
  <testcase classname="com_testsenarios.Classteemplete" name="screenshot" time="19.329"/>
  <system-out/>
</testsuite> <!-- com_testsenarios.Classteemplete -->
