<?xml version="1.0" encoding="UTF-8"?>
<!-- Generated by org.testng.reporters.JUnitReportReporter -->
<testsuite hostname="DESKTOP-E5CUOHK" failures="0" tests="1" name="com_testsenarios.Apple_assign25" time="38.920" errors="0" timestamp="2021-08-28T03:24:23 PDT" skipped="0">
  <testcase classname="com_testsenarios.Apple_assign25" name="endToEndProsess" time="38.920"/>
  <system-out/>
</testsuite> <!-- com_testsenarios.Apple_assign25 -->
