<?xml version="1.0" encoding="UTF-8"?>
<!-- Generated by org.testng.reporters.JUnitReportReporter -->
<testsuite hostname="DESKTOP-E5CUOHK" failures="0" tests="1" name="shareCircle.TC_001" time="36.078" errors="0" timestamp="2021-08-28T03:24:23 PDT" skipped="0">
  <testcase classname="shareCircle.TC_001" name="login" time="36.078"/>
  <system-out/>
</testsuite> <!-- shareCircle.TC_001 -->
